<?xml version="1.0" encoding="UTF-8"?>
<!-- Generated by org.testng.reporters.JUnitReportReporter -->
<testsuite hostname="LAPTOP-FP1BK1JR" name="TestUI" tests="1" failures="0" timestamp="30 Jul 2020 15:12:49 GMT" time="22.652" errors="0">
  <testcase name="test" time="22.652" classname="TestUI"/>
</testsuite> <!-- TestUI -->
